<?xml version="1.0" encoding="UTF-8"?>
<testng-results ignored="0" total="1" passed="1" failed="0" skipped="0">
  <reporter-output>
  </reporter-output>
  <suite started-at="2023-10-01T21:14:46 IST" name="Default Suite" finished-at="2023-10-01T21:14:56 IST" duration-ms="9742">
    <groups>
    </groups>
    <test started-at="2023-10-01T21:14:46 IST" name="SaucedemoProject3" finished-at="2023-10-01T21:14:56 IST" duration-ms="9742">
      <class name="Tests.TestCase">
        <test-method is-config="true" signature="setup()[pri:0, instance:Tests.TestCase@3aefe5e5]" started-at="2023-10-01T21:14:46 IST" name="setup" finished-at="2023-10-01T21:14:52 IST" duration-ms="5865" status="PASS">
          <reporter-output>
          </reporter-output>
        </test-method> <!-- setup -->
        <test-method signature="RegisterUser()[pri:0, instance:Tests.TestCase@3aefe5e5]" started-at="2023-10-01T21:14:52 IST" name="RegisterUser" finished-at="2023-10-01T21:14:56 IST" duration-ms="3790" status="PASS">
          <reporter-output>
          </reporter-output>
        </test-method> <!-- RegisterUser -->
        <test-method is-config="true" signature="teardown()[pri:0, instance:Tests.TestCase@3aefe5e5]" started-at="2023-10-01T21:14:56 IST" name="teardown" finished-at="2023-10-01T21:14:56 IST" duration-ms="2" status="PASS">
          <reporter-output>
          </reporter-output>
        </test-method> <!-- teardown -->
      </class> <!-- Tests.TestCase -->
    </test> <!-- SaucedemoProject3 -->
  </suite> <!-- Default Suite -->
</testng-results>
