<?xml version="1.0" encoding="UTF-8"?>
<testng-results ignored="0" total="9" passed="9" failed="0" skipped="0">
  <reporter-output>
  </reporter-output>
  <suite started-at="2023-10-03T00:50:05 IST" name="All Test Suite" finished-at="2023-10-03T00:50:51 IST" duration-ms="46075">
    <groups>
    </groups>
    <test started-at="2023-10-03T00:50:05 IST" name="C:/Users/Admin/IdeaProjects/SaucedemoProject3" finished-at="2023-10-03T00:50:51 IST" duration-ms="46075">
      <class name="Tests.TestCase">
        <test-method is-config="true" signature="setup()[pri:0, instance:Tests.TestCase@36c88a32]" started-at="2023-10-03T00:50:05 IST" name="setup" finished-at="2023-10-03T00:50:13 IST" duration-ms="7806" status="PASS">
          <reporter-output>
          </reporter-output>
        </test-method> <!-- setup -->
        <test-method signature="VerifyLoginAndLogOut()[pri:0, instance:Tests.TestCase@36c88a32]" started-at="2023-10-03T00:50:13 IST" name="VerifyLoginAndLogOut" finished-at="2023-10-03T00:50:16 IST" duration-ms="2750" status="PASS">
          <reporter-output>
          </reporter-output>
        </test-method> <!-- VerifyLoginAndLogOut -->
        <test-method signature="LoginWithOrderSingleProduct()[pri:0, instance:Tests.TestCase@36c88a32]" started-at="2023-10-03T00:50:16 IST" name="LoginWithOrderSingleProduct" finished-at="2023-10-03T00:50:18 IST" duration-ms="2326" status="PASS">
          <reporter-output>
          </reporter-output>
        </test-method> <!-- LoginWithOrderSingleProduct -->
        <test-method signature="LoginWithOrderMultipleProduct()[pri:0, instance:Tests.TestCase@36c88a32]" started-at="2023-10-03T00:50:18 IST" name="LoginWithOrderMultipleProduct" finished-at="2023-10-03T00:50:20 IST" duration-ms="1909" status="PASS">
          <reporter-output>
          </reporter-output>
        </test-method> <!-- LoginWithOrderMultipleProduct -->
        <test-method signature="LoginWithAddAndRemoveMultipleProduct()[pri:0, instance:Tests.TestCase@36c88a32]" started-at="2023-10-03T00:50:20 IST" name="LoginWithAddAndRemoveMultipleProduct" finished-at="2023-10-03T00:50:21 IST" duration-ms="1219" status="PASS">
          <reporter-output>
          </reporter-output>
        </test-method> <!-- LoginWithAddAndRemoveMultipleProduct -->
        <test-method signature="VerifyAtoZSorting()[pri:0, instance:Tests.TestCase@36c88a32]" started-at="2023-10-03T00:50:21 IST" name="VerifyAtoZSorting" finished-at="2023-10-03T00:50:22 IST" duration-ms="891" status="PASS">
          <reporter-output>
          </reporter-output>
        </test-method> <!-- VerifyAtoZSorting -->
        <test-method signature="VerifyZtoASorting()[pri:0, instance:Tests.TestCase@36c88a32]" started-at="2023-10-03T00:50:22 IST" name="VerifyZtoASorting" finished-at="2023-10-03T00:50:23 IST" duration-ms="878" status="PASS">
          <reporter-output>
          </reporter-output>
        </test-method> <!-- VerifyZtoASorting -->
        <test-method signature="VerifyResetAppState()[pri:0, instance:Tests.TestCase@36c88a32]" started-at="2023-10-03T00:50:23 IST" name="VerifyResetAppState" finished-at="2023-10-03T00:50:24 IST" duration-ms="1064" status="PASS">
          <reporter-output>
          </reporter-output>
        </test-method> <!-- VerifyResetAppState -->
        <test-method signature="AboutPageFunctionality()[pri:0, instance:Tests.TestCase@36c88a32]" started-at="2023-10-03T00:50:24 IST" name="AboutPageFunctionality" finished-at="2023-10-03T00:50:49 IST" duration-ms="25619" status="PASS">
          <reporter-output>
          </reporter-output>
        </test-method> <!-- AboutPageFunctionality -->
        <test-method signature="AddAndRemoveProductAgainAddProduct()[pri:0, instance:Tests.TestCase@36c88a32]" started-at="2023-10-03T00:50:49 IST" name="AddAndRemoveProductAgainAddProduct" finished-at="2023-10-03T00:50:51 IST" duration-ms="1510" status="PASS">
          <reporter-output>
          </reporter-output>
        </test-method> <!-- AddAndRemoveProductAgainAddProduct -->
        <test-method is-config="true" signature="teardown()[pri:0, instance:Tests.TestCase@36c88a32]" started-at="2023-10-03T00:50:51 IST" name="teardown" finished-at="2023-10-03T00:50:51 IST" duration-ms="1" status="PASS">
          <reporter-output>
          </reporter-output>
        </test-method> <!-- teardown -->
      </class> <!-- Tests.TestCase -->
    </test> <!-- C:/Users/Admin/IdeaProjects/SaucedemoProject3 -->
  </suite> <!-- All Test Suite -->
</testng-results>
